<?xml version="1.0" encoding="UTF-8"?>
<testsuite xmlns:xsi="http://www.w3.org/2001/XMLSchema-instance" xsi:noNamespaceSchemaLocation="https://maven.apache.org/surefire/maven-surefire-plugin/xsd/surefire-test-report.xsd" version="3.0.2" name="com.ipn.mx.miniinventario4bm2.features.categoria.controller.CategoriaControllerTest" time="0.664" tests="3" errors="0" skipped="0" failures="0" flakes="0">
  <properties>
[...]
</properties>
  <testcase name="updateShouldModifyExistingCategoryInsteadOfCreatingANewOne" classname="com.ipn.mx.miniinventario4bm2.features.categoria.controller.CategoriaControllerTest" time="0.641">
    <system-out><![CDATA[15:36:41.121 [main] INFO org.hibernate.validator.internal.util.Version -- HV000001: Hibernate Validator 9.0.1.Final
]]></system-out>
    <system-err><![CDATA[Mockito is currently self-attaching to enable the inline-mock-maker. This will no longer work in future releases of the JDK. Please add Mockito as an agent to your build as described in Mockito's documentation: https://javadoc.io/doc/org.mockito/mockito-core/latest/org.mockito/org/mockito/Mockito.html#0.3
WARNING: A Java agent has been loaded dynamically (/Users/snowsnr/.m2/repository/net/bytebuddy/byte-buddy-agent/1.17.8/byte-buddy-agent-1.17.8.jar)
WARNING: If a serviceability tool is in use, please run with -XX:+EnableDynamicAgentLoading to hide this warning
WARNING: If a serviceability tool is not in use, please run with -Djdk.instrument.traceUsage for more information
WARNING: Dynamic loading of agents will be disallowed by default in a future release
Jun 24, 2026 3:36:41 PM org.springframework.mock.web.MockServletContext log
INFO: Initializing Spring TestDispatcherServlet ''
Jun 24, 2026 3:36:41 PM org.springframework.test.web.servlet.TestDispatcherServlet initServletBean
INFO: Initializing Servlet ''
Jun 24, 2026 3:36:41 PM org.springframework.test.web.servlet.TestDispatcherServlet initServletBean
INFO: Completed initialization in 0 ms
]]></system-err>
  </testcase>
  <testcase name="createShouldAcceptPathWithoutTrailingSlash" classname="com.ipn.mx.miniinventario4bm2.features.categoria.controller.CategoriaControllerTest" time="0.009">
    <system-err><![CDATA[Jun 24, 2026 3:36:41 PM org.springframework.mock.web.MockServletContext log
INFO: Initializing Spring TestDispatcherServlet ''
Jun 24, 2026 3:36:41 PM org.springframework.test.web.servlet.TestDispatcherServlet initServletBean
INFO: Initializing Servlet ''
Jun 24, 2026 3:36:41 PM org.springframework.test.web.servlet.TestDispatcherServlet initServletBean
INFO: Completed initialization in 0 ms
]]></system-err>
  </testcase>
  <testcase name="createShouldAcceptPathWithTrailingSlash" classname="com.ipn.mx.miniinventario4bm2.features.categoria.controller.CategoriaControllerTest" time="0.007">
    <system-err><![CDATA[Jun 24, 2026 3:36:41 PM org.springframework.mock.web.MockServletContext log
INFO: Initializing Spring TestDispatcherServlet ''
Jun 24, 2026 3:36:41 PM org.springframework.test.web.servlet.TestDispatcherServlet initServletBean
INFO: Initializing Servlet ''
Jun 24, 2026 3:36:41 PM org.springframework.test.web.servlet.TestDispatcherServlet initServletBean
INFO: Completed initialization in 0 ms
]]></system-err>
  </testcase>
</testsuite>